<?xml version="1.0" encoding="UTF-8"?>
<!-- Generated by org.testng.reporters.JUnitReportReporter -->
<testsuite hostname="DESKTOP-4A88J06" failures="0" tests="1" name="orangehrm.Admin_Feature" time="3.701" errors="0" timestamp="28 Nov 2021 11:31:45 GMT" skipped="0">
  <testcase classname="orangehrm.Admin_Feature" name="Admin" time="3.701"/>
</testsuite> <!-- orangehrm.Admin_Feature -->
