<?xml version="1.0" encoding="UTF-8"?>
<!-- Generated by org.testng.reporters.JUnitReportReporter -->
<testsuite hostname="DESKTOP-4A88J06" failures="0" tests="1" name="orangehrm.validateTitle" time="0.030" errors="0" timestamp="28 Nov 2021 11:31:45 GMT" skipped="0">
  <testcase classname="orangehrm.validateTitle" name="Title" time="0.030"/>
</testsuite> <!-- orangehrm.validateTitle -->
